<?xml version="1.0" encoding="UTF-8"?>
<!-- Generated by org.testng.reporters.JUnitReportReporter -->
<testsuite hostname="SYNPYHYL047MM7Z" failures="0" tests="2" name="ParallelEx.Parallel1" time="0.004" errors="0" timestamp="2023-10-09T15:15:07 IST" skipped="0">
  <testcase classname="ParallelEx.Parallel1" name="Test1" time="0.002"/>
  <testcase classname="ParallelEx.Parallel1" name="Test2" time="0.002"/>
</testsuite> <!-- ParallelEx.Parallel1 -->
