<?xml version="1.0" encoding="UTF-8"?>
<!-- Generated by org.testng.reporters.JUnitReportReporter -->
<testsuite hostname="SYNPYHYL047MM7Z" failures="0" tests="2" name="TestNg.Parallel" time="0.018" errors="0" timestamp="2023-10-09T15:15:07 IST" skipped="0">
  <testcase classname="TestNg.Parallel" name="Test1" time="0.015"/>
  <testcase classname="TestNg.Parallel" name="Test2" time="0.003"/>
</testsuite> <!-- TestNg.Parallel -->
