<?xml version="1.0" encoding="UTF-8"?>
<!-- Generated by org.testng.reporters.JUnitReportReporter -->
<testsuite hostname="SYNPYHYL047MM7Z" failures="0" tests="2" name="TestNg.Example2" time="0.014" errors="0" timestamp="2023-10-06T16:35:10 IST" skipped="0">
  <testcase classname="TestNg.Example2" name="f" time="0.004"/>
  <testcase classname="TestNg.Example2" name="f" time="0.010"/>
</testsuite> <!-- TestNg.Example2 -->
