<?xml version="1.0" encoding="UTF-8"?>
<!-- Generated by org.testng.reporters.JUnitReportReporter -->
<testsuite hostname="SYNPYHYL047MM7Z" failures="0" tests="8" name="TestNg.Grouping$groupExamples" time="0.032" errors="0" timestamp="2023-10-09T12:08:39 IST" skipped="0">
  <testcase classname="TestNg.Grouping$groupExamples" name="testCaseThree" time="0.002"/>
  <testcase classname="TestNg.Grouping$groupExamples" name="testCaseTwo" time="0.003"/>
  <testcase classname="TestNg.Grouping$groupExamples" name="testCaseFour" time="0.018"/>
  <testcase classname="TestNg.Grouping$groupExamples" name="testCaseOne" time="0.002"/>
  <testcase classname="TestNg.Grouping$groupExamples" name="testCaseTwo" time="0.002"/>
  <testcase classname="TestNg.Grouping$groupExamples" name="testCaseOne" time="0.002"/>
  <testcase classname="TestNg.Grouping$groupExamples" name="testCaseThree" time="0.002"/>
  <testcase classname="TestNg.Grouping$groupExamples" name="testCaseFour" time="0.001"/>
</testsuite> <!-- TestNg.Grouping$groupExamples -->
