<?xml version="1.0" encoding="UTF-8"?>
<!-- Generated by org.testng.reporters.JUnitReportReporter -->
<testsuite hostname="SYNPYHYL047MM7Z" failures="0" tests="2" name="TestNg.Assertion" time="19.438" errors="0" timestamp="2023-10-06T16:58:25 IST" skipped="0">
  <testcase classname="TestNg.Assertion" name="TestSynechron" time="11.942"/>
  <testcase classname="TestNg.Assertion" name="GoogleTest" time="7.496"/>
</testsuite> <!-- TestNg.Assertion -->
