<?xml version="1.0" encoding="UTF-8"?>
<!-- Generated by org.testng.reporters.JUnitReportReporter -->
<testsuite hostname="SYNPYHYL047MM7Z" failures="0" tests="2" name="TestNg.Example1" time="18.490" errors="0" timestamp="2023-10-06T16:34:50 IST" skipped="0">
  <testcase classname="TestNg.Example1" name="GoogleTest" time="5.438"/>
  <testcase classname="TestNg.Example1" name="TestSynechron" time="13.052"/>
</testsuite> <!-- TestNg.Example1 -->
