<?xml version="1.0" encoding="UTF-8"?>
<!-- Generated by org.testng.reporters.JUnitReportReporter -->
<testsuite hostname="SYNPYHYL047MM7Z" failures="0" tests="3" name="TestNg.WebAppTests" time="0.030" errors="0" timestamp="2023-10-09T12:32:30 IST" skipped="0">
  <testcase classname="TestNg.WebAppTests" name="testDuplicateRegistration" time="0.024"/>
  <testcase classname="TestNg.WebAppTests" name="testSuccessfulRegistration" time="0.003"/>
  <testcase classname="TestNg.WebAppTests" name="testValidLogin" time="0.003"/>
</testsuite> <!-- TestNg.WebAppTests -->
